For random:
Error in test 6: ft_printf("\n%Xql%s],%%A|%xq%iyulfV#%%`kDv7=c"%uv%%H/0z>*,%X", -816143924, "u,>pxzQc\nf~D$&4h2S$/L#xV^<*f]w!Hu{6\f\f.|2#k\n_Gu**0e\nt(aWfZ4#+\v/>JL-7/J_~syP", 1127884321, -2010028004, 1320668088, 1213817190): returned: 160, but expected: 152
Error in test 6: ft_printf("\n%Xql%s],%%A|%xq%iyulfV#%%`kDv7=c"%uv%%H/0z>*,%X", -816143924, "u,>pxzQc\nf~D$&4h2S$/L#xV^<*f]w!Hu{6\f\f.|2#k\n_Gu**0e\nt(aWfZ4#+\v/>JL-7/J_~syP", 1127884321, -2010028004, 1320668088, 1213817190): different memory
expected:
0000: 0a43 4635 4141 3143 4371 6c75 2c3e 7078 ->  .CF5AA1CCqlu,>px
0010: 7a51 630a 667e 4424 2634 6832 5324 2f4c ->  zQc.f~D$&4h2S$/L
0020: 2378 565e 3c2a 665d 7721 4875 7b36 0c0c ->  #xV^<*f]w!Hu{6..
0030: 2e7c 3223 6b0a 5f47 752a 2a30 650a 7428 ->  .|2#k._Gu**0e.t(
0040: 6157 665a 3423 2b0b 2f3e 4a4c 2d37 2f4a ->  aWfZ4#+./>JL-7/J
0050: 5f7e 7379 505d 2c25 417c 3433 3361 3236 ->  _~syP],%A|433a26
0060: 3231 712d 3230 3130 3032 3830 3034 7975 ->  21q-2010028004yu
0070: 6c66 5623 2560 6b44 7637 3d63 2231 3332 ->  lfV#%`kDv7=c"132
0080: 3036 3638 3038 3876 2548 2f30 7a3e 2a2c ->  0668088v%H/0z>*,
0090: 3438 3539 3631 3636 0011 1111 1111 1111 ->  48596166........
yours:
0000: 0a43 4635 4141 3143 4371 6c75 2c3e 7078 ->  .CF5AA1CCqlu,>px
0010: 7a51 630a 667e 4424 2634 6832 5324 2f4c ->  zQc.f~D$&4h2S$/L
0020: 2378 565e 3c2a 665d 7721 4875 7b36 0c0c ->  #xV^<*f]w!Hu{6..
0030: 2e7c 3223 6b0a 5f47 752a 2a30 650a 7428 ->  .|2#k._Gu**0e.t(
0040: 6157 665a 3423 2b0b 2f3e 4a4c 2d37 2f4a ->  aWfZ4#+./>JL-7/J
0050: 5f7e 7379 505d 2c25 417c 3433 3361 3236 ->  _~syP],%A|433a26
0060: 3231 712d 3230 3130 3032 3830 3034 7975 ->  21q-2010028004yu
0070: 6c66 5623 2560 6b44 7637 3d63 2231 3332 ->  lfV#%`kDv7=c"132
0080: 3036 3638 3038 3876 2548 2f30 7a3e 2a2c ->  0668088v%H/0z>*,
0090: 3743 4436 3343 3241 3438 3539 3631 3636 ->  7CD63C2A48596166
00a0: 00                                      ->  .

Error in test 11: ft_printf("n%XN^%uEz4r%XpM|+j9AT%dIx<J %i%p1@Gl%x|E.S[\neVGm%xLh%u%sx`>ge[+", -63776747, 589340065, -1884433464, 1056574876, 1825438929, (void *)-4984869237879606086, -790559636, -1969496984, -247749769, "\tdyNB+7QMfZx.Ot\rsye\\Q\f4+v%[\\~NMS^3R0IR0|\vR1Tv@'fPD<*H[Rfx\vT\f+\t.U#=k3ieoSslLh7?4n\f"): returned: 221, but expected: 213
Error in test 11: ft_printf("n%XN^%uEz4r%XpM|+j9AT%dIx<J %i%p1@Gl%x|E.S[\neVGm%xLh%u%sx`>ge[+", -63776747, 589340065, -1884433464, 1056574876, 1825438929, (void *)-4984869237879606086, -790559636, -1969496984, -247749769, "\tdyNB+7QMfZx.Ot\rsye\\Q\f4+v%[\\~NMS^3R0IR0|\vR1Tv@'fPD<*H[Rfx\vT\f+\t.U#=k3ieoSslLh7?4n\f"): different memory
expected:
0000: 6e46 4333 3244 3831 354e 5e35 3839 3334 ->  nFC32D815N^58934
0010: 3030 3635 457a 3472 3846 4144 4433 4338 ->  0065Ez4r8FADD3C8
0020: 704d 7c2b 6a39 4154 3130 3536 3537 3438 ->  pM|+j9AT10565748
0030: 3736 4978 3c4a 2031 3832 3534 3338 3932 ->  76Ix<J 182543892
0040: 3930 7862 6164 3232 6664 3664 3036 3966 ->  90xbad22fd6d069f
0050: 3462 6131 4047 6c64 3065 3130 3436 637c ->  4ba1@Gld0e1046c|
0060: 452e 535b 0a65 5647 6d38 6139 6264 6336 ->  E.S[.eVGm8a9bdc6
0070: 384c 6834 3034 3732 3137 3532 3709 6479 ->  8Lh4047217527.dy
0080: 4e42 2b37 514d 665a 782e 4f74 0d73 7965 ->  NB+7QMfZx.Ot.sye
0090: 5c51 0c34 2b76 255b 5c7e 4e4d 535e 3352 ->  \Q.4+v%[\~NMS^3R
00a0: 3049 5230 7c0b 5231 5476 4027 6650 443c ->  0IR0|.R1Tv@'fPD<
00b0: 2a48 5b52 6678 0b54 0c2b 092e 5523 3d6b ->  *H[Rfx.T.+..U#=k
00c0: 3369 656f 5373 6c4c 6837 3f34 6e0c 7860 ->  3ieoSslLh7?4n.x`
00d0: 3e67 655b 2b00 1111 1111 1111 1111      ->  >ge[+.........
yours:
0000: 6e46 4333 3244 3831 354e 5e35 3839 3334 ->  nFC32D815N^58934
0010: 3030 3635 457a 3472 3846 4144 4433 4338 ->  0065Ez4r8FADD3C8
0020: 704d 7c2b 6a39 4154 3130 3536 3537 3438 ->  pM|+j9AT10565748
0030: 3736 4978 3c4a 2031 3832 3534 3338 3932 ->  76Ix<J 182543892
0040: 3930 7862 6164 3232 6664 3664 3036 3966 ->  90xbad22fd6d069f
0050: 3462 6131 4047 6c62 3135 3137 3264 6464 ->  4ba1@Glb15172ddd
0060: 3065 3130 3436 637c 452e 535b 0a65 5647 ->  0e1046c|E.S[.eVG
0070: 6d38 6139 6264 6336 384c 6834 3034 3732 ->  m8a9bdc68Lh40472
0080: 3137 3532 3709 6479 4e42 2b37 514d 665a ->  17527.dyNB+7QMfZ
0090: 782e 4f74 0d73 7965 5c51 0c34 2b76 255b ->  x.Ot.sye\Q.4+v%[
00a0: 5c7e 4e4d 535e 3352 3049 5230 7c0b 5231 ->  \~NMS^3R0IR0|.R1
00b0: 5476 4027 6650 443c 2a48 5b52 6678 0b54 ->  Tv@'fPD<*H[Rfx.T
00c0: 0c2b 092e 5523 3d6b 3369 656f 5373 6c4c ->  .+..U#=k3ieoSslL
00d0: 6837 3f34 6e0c 7860 3e67 655b 2b00      ->  h7?4n.x`>ge[+.

Error in test 12: ft_printf(":0\n\f\n#%u\rF,Jzg%uK@c%s\nIL'W|7NNA%pl\tp_%s%x%XF%cWQVzN", -692556733, 1405768146, ",Spg.f?2X)a=\\\f8}G]3KE^q+~FWNec!,2[qLD>l\v}KHn/\n7,\\y&r\v\rf^/>/\t\ve", (void *)-7580279928610124439, "_\f.erWzz![(~+\\[\n&GB2m}|}\nO\\(=#=dQ %]75D]yS", -1841700114, 1977009020, 1879723969): returned: 210, but expected: 194
Error in test 12: ft_printf(":0\n\f\n#%u\rF,Jzg%uK@c%s\nIL'W|7NNA%pl\tp_%s%x%XF%cWQVzN", -692556733, 1405768146, ",Spg.f?2X)a=\\\f8}G]3KE^q+~FWNec!,2[qLD>l\v}KHn/\n7,\\y&r\v\rf^/>/\t\ve", (void *)-7580279928610124439, "_\f.erWzz![(~+\\[\n&GB2m}|}\nO\\(=#=dQ %]75D]yS", -1841700114, 1977009020, 1879723969): different memory
expected:
0000: 3a30 0a0c 0a23 3336 3032 3431 3035 3633 ->  :0...#3602410563
0010: 0d46 2c4a 7a67 3134 3035 3736 3831 3436 ->  .F,Jzg1405768146
0020: 4b40 632c 5370 672e 663f 3258 2961 3d5c ->  K@c,Spg.f?2X)a=\
0030: 0c38 7d47 5d33 4b45 5e71 2b7e 4657 4e65 ->  .8}G]3KE^q+~FWNe
0040: 6321 2c32 5b71 4c44 3e6c 0b7d 4b48 6e2f ->  c!,2[qLD>l.}KHn/
0050: 0a37 2c5c 7926 720b 0d66 5e2f 3e2f 090b ->  .7,\y&r..f^/>/..
0060: 650a 494c 2757 7c37 4e4e 4130 7839 3663 ->  e.IL'W|7NNA0x96c
0070: 6436 6639 3132 3532 6238 6436 396c 0970 ->  d6f91252b8d69l.p
0080: 5f5f 0c2e 6572 577a 7a21 5b28 7e2b 5c5b ->  __..erWzz![(~+\[
0090: 0a26 4742 326d 7d7c 7d0a 4f5c 283d 233d ->  .&GB2m}|}.O\(=#=
00a0: 6451 2025 5d37 3544 5d79 5339 3233 3965 ->  dQ %]75D]yS9239e
00b0: 3265 6537 3544 3643 3337 4346 c157 5156 ->  2ee75D6C37CF.WQV
00c0: 7a4e 0011 1111 1111 1111 1111 1111 1111 ->  zN..............
yours:
0000: 3a30 0a0c 0a23 3336 3032 3431 3035 3633 ->  :0...#3602410563
0010: 0d46 2c4a 7a67 3134 3035 3736 3831 3436 ->  .F,Jzg1405768146
0020: 4b40 632c 5370 672e 663f 3258 2961 3d5c ->  K@c,Spg.f?2X)a=\
0030: 0c38 7d47 5d33 4b45 5e71 2b7e 4657 4e65 ->  .8}G]3KE^q+~FWNe
0040: 6321 2c32 5b71 4c44 3e6c 0b7d 4b48 6e2f ->  c!,2[qLD>l.}KHn/
0050: 0a37 2c5c 7926 720b 0d66 5e2f 3e2f 090b ->  .7,\y&r..f^/>/..
0060: 650a 494c 2757 7c37 4e4e 4130 7839 3663 ->  e.IL'W|7NNA0x96c
0070: 6436 6639 3132 3532 6238 6436 396c 0970 ->  d6f91252b8d69l.p
0080: 5f5f 0c2e 6572 577a 7a21 5b28 7e2b 5c5b ->  __..erWzz![(~+\[
0090: 0a26 4742 326d 7d7c 7d0a 4f5c 283d 233d ->  .&GB2m}|}.O\(=#=
00a0: 6451 2025 5d37 3544 5d79 5362 6164 3232 ->  dQ %]75D]ySbad22
00b0: 6664 3639 3233 3965 3265 6542 3135 3137 ->  fd69239e2eeB1517
00c0: 3244 4437 3544 3643 3337 4346 c157 5156 ->  2DD75D6C37CF.WQV
00d0: 7a4e 00                                 ->  zN.

Error in test 23: ft_printf("bpu5ws\rgyx%%Ko%d\f4q*)uVH"%dp i1u5ik|2%s%pP%ix.3],%sIr2VA%XJ4<x6]]fC%uoio\t0,/v%s9aK#{K9@", -1475141380, 1899998726, "on[1(.:X\fb{,Z3l)Gtd-u,L`JF`,w&SSC/uq\f2Gy.", (void *)3382245888955506468, 611427090, "\\;R,k0\"=eG!PQP\"PyP}y|>]?N(X2v1SsG\rX", 1538503056, 1051712651, "hHa29X0c;;y[]q8gD($O:xp)tN\nK}\"dV:NPJrz,5l};'>&Q]^\rpD-i(FZ"): returned: 275, but expected: 267
Error in test 23: ft_printf("bpu5ws\rgyx%%Ko%d\f4q*)uVH"%dp i1u5ik|2%s%pP%ix.3],%sIr2VA%XJ4<x6]]fC%uoio\t0,/v%s9aK#{K9@", -1475141380, 1899998726, "on[1(.:X\fb{,Z3l)Gtd-u,L`JF`,w&SSC/uq\f2Gy.", (void *)3382245888955506468, 611427090, "\\;R,k0\"=eG!PQP\"PyP}y|>]?N(X2v1SsG\rX", 1538503056, 1051712651, "hHa29X0c;;y[]q8gD($O:xp)tN\nK}\"dV:NPJrz,5l};'>&Q]^\rpD-i(FZ"): different memory
expected:
0000: 6270 7535 7773 0d67 7978 254b 6f2d 3134 ->  bpu5ws.gyx%Ko-14
0010: 3735 3134 3133 3830 0c34 712a 2975 5648 ->  75141380.4q*)uVH
0020: 2231 3839 3939 3938 3732 3670 2069 3175 ->  "1899998726p i1u
0030: 3569 6b7c 326f 6e5b 3128 2e3a 580c 627b ->  5ik|2on[1(.:X.b{
0040: 2c5a 336c 2947 7464 2d75 2c4c 604a 4660 ->  ,Z3l)Gtd-u,L`JF`
0050: 2c77 2653 5343 2f75 710c 3247 792e 3078 ->  ,w&SSC/uq.2Gy.0x
0060: 3265 6630 3236 6237 3532 3337 6466 3234 ->  2ef026b75237df24
0070: 5036 3131 3432 3730 3930 782e 335d 2c5c ->  P611427090x.3],\
0080: 3b52 2c6b 3022 3d65 4721 5051 5022 5079 ->  ;R,k0"=eG!PQP"Py
0090: 507d 797c 3e5d 3f4e 2858 3276 3153 7347 ->  P}y|>]?N(X2v1SsG
00a0: 0d58 4972 3256 4135 4242 3342 3139 304a ->  .XIr2VA5BB3B190J
00b0: 343c 7836 5d5d 6643 3130 3531 3731 3236 ->  4<x6]]fC10517126
00c0: 3531 6f69 6f09 302c 2f76 6848 6132 3958 ->  51oio.0,/vhHa29X
00d0: 3063 3b3b 795b 5d71 3867 4428 244f 3a78 ->  0c;;y[]q8gD($O:x
00e0: 7029 744e 0a4b 7d22 6456 3a4e 504a 727a ->  p)tN.K}"dV:NPJrz
00f0: 2c35 6c7d 3b27 3e26 515d 5e0d 7044 2d69 ->  ,5l};'>&Q]^.pD-i
0100: 2846 5a39 614b 237b 4b39 4000 1111 1111 ->  (FZ9aK#{K9@.....
yours:
0000: 6270 7535 7773 0d67 7978 254b 6f2d 3134 ->  bpu5ws.gyx%Ko-14
0010: 3735 3134 3133 3830 0c34 712a 2975 5648 ->  75141380.4q*)uVH
0020: 2231 3839 3939 3938 3732 3670 2069 3175 ->  "1899998726p i1u
0030: 3569 6b7c 326f 6e5b 3128 2e3a 580c 627b ->  5ik|2on[1(.:X.b{
0040: 2c5a 336c 2947 7464 2d75 2c4c 604a 4660 ->  ,Z3l)Gtd-u,L`JF`
0050: 2c77 2653 5343 2f75 710c 3247 792e 3078 ->  ,w&SSC/uq.2Gy.0x
0060: 3265 6630 3236 6237 3532 3337 6466 3234 ->  2ef026b75237df24
0070: 5036 3131 3432 3730 3930 782e 335d 2c5c ->  P611427090x.3],\
0080: 3b52 2c6b 3022 3d65 4721 5051 5022 5079 ->  ;R,k0"=eG!PQP"Py
0090: 507d 797c 3e5d 3f4e 2858 3276 3153 7347 ->  P}y|>]?N(X2v1SsG
00a0: 0d58 4972 3256 4141 3930 4644 4343 3635 ->  .XIr2VAA90FDCC65
00b0: 4242 3342 3139 304a 343c 7836 5d5d 6643 ->  BB3B190J4<x6]]fC
00c0: 3130 3531 3731 3236 3531 6f69 6f09 302c ->  1051712651oio.0,
00d0: 2f76 6848 6132 3958 3063 3b3b 795b 5d71 ->  /vhHa29X0c;;y[]q
00e0: 3867 4428 244f 3a78 7029 744e 0a4b 7d22 ->  8gD($O:xp)tN.K}"
00f0: 6456 3a4e 504a 727a 2c35 6c7d 3b27 3e26 ->  dV:NPJrz,5l};'>&
0100: 515d 5e0d 7044 2d69 2846 5a39 614b 237b ->  Q]^.pD-i(FZ9aK#{
0110: 4b39 4000                               ->  K9@.

Error in test 28: ft_printf("v9Ss?={kJ%i:?ta%diy_2[%i6xKlt'%ii.L@\P?%uGT%x<%ctttL@L", -498251329, 1851260653, 1269371003, -1238130135, 780322820, 1372825707, -113963642): returned: 100, but expected: 99
Error in test 28: ft_printf("v9Ss?={kJ%i:?ta%diy_2[%i6xKlt'%ii.L@\P?%uGT%x<%ctttL@L", -498251329, 1851260653, 1269371003, -1238130135, 780322820, 1372825707, -113963642): different memory
expected:
0000: 7639 5373 3f3d 7b6b 4a2d 3439 3832 3531 ->  v9Ss?={kJ-498251
0010: 3332 393a 3f74 6131 3835 3132 3630 3635 ->  329:?ta185126065
0020: 3369 795f 325b 3132 3639 3337 3130 3033 ->  3iy_2[1269371003
0030: 3678 4b6c 7427 2d31 3233 3831 3330 3133 ->  6xKlt'-123813013
0040: 3569 2e4c 405c 503f 3738 3033 3232 3832 ->  5i.L@\P?78032282
0050: 3047 5435 3164 3361 3836 623c 8674 7474 ->  0GT51d3a86b<.ttt
0060: 4c40 4c00 11                            ->  L@L..
yours:
0000: 7639 5373 3f3d 7b6b 4a2d 3439 3832 3531 ->  v9Ss?={kJ-498251
0010: 3332 393a 3f74 6131 3835 3132 3630 3635 ->  329:?ta185126065
0020: 3369 795f 325b 3132 3639 3337 3130 3033 ->  3iy_2[1269371003
0030: 3678 4b6c 7427 2d31 3233 3831 3330 3133 ->  6xKlt'-123813013
0040: 3569 2e4c 405c 503f 3738 3033 3232 3832 ->  5i.L@\P?78032282
0050: 3047 5431 3531 6433 6138 3662 3c86 7474 ->  0GT151d3a86b<.tt
0060: 744c 404c 00                            ->  tL@L.

Error in test 31: ft_printf("=8G%c$|/6/b%c5P%i\r^Z%s[%u\n|c"%XB'!0%uvm1`PP4%dU,", 725892271, 2016266544, 746600833, "O|;8ev2aNNJh,rYusb/\\Te7\rPD=].TiIDzxe_N\"hx$x<}9Is).ap\r{+sWx'n;f]CdkMQ~ B3+6ANg\v!ese%)`gx\r<n36hT6F6=V6", 506963989, 1558561193, 533482388, 1928682219): returned: 187, but expected: 179
Error in test 31: ft_printf("=8G%c$|/6/b%c5P%i\r^Z%s[%u\n|c"%XB'!0%uvm1`PP4%dU,", 725892271, 2016266544, 746600833, "O|;8ev2aNNJh,rYusb/\\Te7\rPD=].TiIDzxe_N\"hx$x<}9Is).ap\r{+sWx'n;f]CdkMQ~ B3+6ANg\v!ese%)`gx\r<n36hT6F6=V6", 506963989, 1558561193, 533482388, 1928682219): different memory
expected:
0000: 3d38 47af 247c 2f36 2f62 3035 5037 3436 ->  =8G.$|/6/b05P746
0010: 3630 3038 3333 0d5e 5a4f 7c3b 3865 7632 ->  600833.^ZO|;8ev2
0020: 614e 4e4a 682c 7259 7573 622f 5c54 6537 ->  aNNJh,rYusb/\Te7
0030: 0d50 443d 5d2e 5469 4944 7a78 655f 4e22 ->  .PD=].TiIDzxe_N"
0040: 6878 2478 3c7d 3949 7329 2e61 700d 7b2b ->  hx$x<}9Is).ap.{+
0050: 7357 7827 6e3b 665d 4364 6b4d 517e 2042 ->  sWx'n;f]CdkMQ~ B
0060: 332b 3641 4e67 0b21 6573 6525 2960 6778 ->  3+6ANg.!ese%)`gx
0070: 0d3c 6e33 3668 5436 4636 3d56 365b 3530 ->  .<n36hT6F6=V6[50
0080: 3639 3633 3938 390a 7c63 2235 4345 3543 ->  6963989.|c"5CE5C
0090: 3141 3942 2721 3035 3333 3438 3233 3838 ->  1A9B'!0533482388
00a0: 766d 3160 5050 3431 3932 3836 3832 3231 ->  vm1`PP4192868221
00b0: 3955 2c00 1111 1111 1111 1111           ->  9U,.........
yours:
0000: 3d38 47af 247c 2f36 2f62 3035 5037 3436 ->  =8G.$|/6/b05P746
0010: 3630 3038 3333 0d5e 5a4f 7c3b 3865 7632 ->  600833.^ZO|;8ev2
0020: 614e 4e4a 682c 7259 7573 622f 5c54 6537 ->  aNNJh,rYusb/\Te7
0030: 0d50 443d 5d2e 5469 4944 7a78 655f 4e22 ->  .PD=].TiIDzxe_N"
0040: 6878 2478 3c7d 3949 7329 2e61 700d 7b2b ->  hx$x<}9Is).ap.{+
0050: 7357 7827 6e3b 665d 4364 6b4d 517e 2042 ->  sWx'n;f]CdkMQ~ B
0060: 332b 3641 4e67 0b21 6573 6525 2960 6778 ->  3+6ANg.!ese%)`gx
0070: 0d3c 6e33 3668 5436 4636 3d56 365b 3530 ->  .<n36hT6F6=V6[50
0080: 3639 3633 3938 390a 7c63 2235 4435 3733 ->  6963989.|c"5D573
0090: 4433 3435 4345 3543 3141 3942 2721 3035 ->  D345CE5C1A9B'!05
00a0: 3333 3438 3233 3838 766d 3160 5050 3431 ->  33482388vm1`PP41
00b0: 3932 3836 3832 3231 3955 2c00           ->  928682219U,.

Error in test 37: ft_printf("6xX3?H:\%u|Tryb%d45lIlv:+%c]\nb9%u*\rb]\fc%xeJ_,$s[7y%X40HNkyB", -1253804121, 1536040157, -1128313903, -1470412351, -372846093, -1454089512): returned: 95, but expected: 94
Error in test 37: ft_printf("6xX3?H:\%u|Tryb%d45lIlv:+%c]\nb9%u*\rb]\fc%xeJ_,$s[7y%X40HNkyB", -1253804121, 1536040157, -1128313903, -1470412351, -372846093, -1454089512): different memory
expected:
0000: 3678 5833 3f48 3a5c 3330 3431 3136 3331 ->  6xX3?H:\30411631
0010: 3735 7c54 7279 6231 3533 3630 3430 3135 ->  75|Tryb153604015
0020: 3734 356c 496c 763a 2bd1 5d0a 6239 3238 ->  745lIlv:+.].b928
0030: 3234 3535 3439 3435 2a0d 625d 0c63 6539 ->  24554945*.b].ce9
0040: 6336 6431 6633 654a 5f2c 2473 5b37 7941 ->  c6d1f3eJ_,$s[7yA
0050: 3935 3435 4144 3834 3048 4e6b 7942 0011 ->  9545AD840HNkyB..
yours:
0000: 3678 5833 3f48 3a5c 3330 3431 3136 3331 ->  6xX3?H:\30411631
0010: 3735 7c54 7279 6231 3533 3630 3430 3135 ->  75|Tryb153604015
0020: 3734 356c 496c 763a 2bd1 5d0a 6239 3238 ->  745lIlv:+.].b928
0030: 3234 3535 3439 3435 2a0d 625d 0c63 6539 ->  24554945*.b].ce9
0040: 6336 6431 6633 654a 5f2c 2473 5b37 7931 ->  c6d1f3eJ_,$s[7y1
0050: 4139 3534 3541 4438 3430 484e 6b79 4200 ->  A9545AD840HNkyB.

Error in test 41: ft_printf("~%xi2/ZlfEA%X5%d\n_s4]F:fVw%cf"LXNz^>%i%u^F!1\n\v%x83/6")ZxK%d+ZBw?~|NoS%X~A<ns.^K%d", 235398318, 842660325, 1619864214, -756868758, -372860274, 1368475700, -1933653989, 253141725, -1871946640, -477688297): returned: 151, but expected: 142
Error in test 41: ft_printf("~%xi2/ZlfEA%X5%d\n_s4]F:fVw%cf"LXNz^>%i%u^F!1\n\v%x83/6")ZxK%d+ZBw?~|NoS%X~A<ns.^K%d", 235398318, 842660325, 1619864214, -756868758, -372860274, 1368475700, -1933653989, 253141725, -1871946640, -477688297): different memory
expected:
0000: 7e65 3037 6534 6165 6932 2f5a 6c66 4541 ->  ~e07e4aei2/ZlfEA
0010: 3332 3339 4639 4535 3531 3631 3938 3634 ->  3239F9E551619864
0020: 3231 340a 5f73 345d 463a 6656 776a 6622 ->  214._s4]F:fVwjf"
0030: 4c58 4e7a 5e3e 2d33 3732 3836 3032 3734 ->  LXNz^>-372860274
0040: 3133 3638 3437 3537 3030 5e46 2131 0a0b ->  1368475700^F!1..
0050: 3863 6265 6338 3162 3833 2f36 2229 5a78 ->  8cbec81b83/6")Zx
0060: 4b32 3533 3134 3137 3235 2b5a 4277 3f7e ->  K253141725+ZBw?~
0070: 7c4e 6f53 3930 3643 3543 3730 7e41 3c6e ->  |NoS906C5C70~A<n
0080: 732e 5e4b 2d34 3737 3638 3832 3937 0011 ->  s.^K-477688297..
yours:
0000: 7e65 3037 6534 6165 6932 2f5a 6c66 4541 ->  ~e07e4aei2/ZlfEA
0010: 3332 3339 4639 4535 3531 3631 3938 3634 ->  3239F9E551619864
0020: 3231 340a 5f73 345d 463a 6656 776a 6622 ->  214._s4]F:fVwjf"
0030: 4c58 4e7a 5e3e 2d33 3732 3836 3032 3734 ->  LXNz^>-372860274
0040: 3133 3638 3437 3537 3030 5e46 2131 0a0b ->  1368475700^F!1..
0050: 3665 3832 3266 6239 3863 6265 6338 3162 ->  6e822fb98cbec81b
0060: 3833 2f36 2229 5a78 4b32 3533 3134 3137 ->  83/6")ZxK2531417
0070: 3235 2b5a 4277 3f7e 7c4e 6f53 3139 3036 ->  25+ZBw?~|NoS1906
0080: 4335 4337 307e 413c 6e73 2e5e 4b2d 3437 ->  C5C70~A<ns.^K-47
0090: 3736 3838 3239 3700                     ->  7688297.

Error in test 43: ft_printf("&%u@BC\ng=.4%%'$ykArOFu_%sZZ%%f'9sS'o.2%p|CzL.a>}7|%chM]:jN-smL%cUB\PUdtk%X&:MAN4"#&Q%c\r%imPoDH6", -375163525, "wC5E>n:>f5_JC.4k#*{\fOUbVkBQRqz(\"y~QGx2A8>.AOzLs\rHxzYtx=6FzN'OQ0]{U,c\\K4eLmAdB9Bp0=\"\t$)wl>,B/{.{", (void *)-2038600631289130388, 797542007, -2023160843, -6904706, -1338730715, 1304650586): returned: 222, but expected: 221
Error in test 43: ft_printf("&%u@BC\ng=.4%%'$ykArOFu_%sZZ%%f'9sS'o.2%p|CzL.a>}7|%chM]:jN-smL%cUB\PUdtk%X&:MAN4"#&Q%c\r%imPoDH6", -375163525, "wC5E>n:>f5_JC.4k#*{\fOUbVkBQRqz(\"y~QGx2A8>.AOzLs\rHxzYtx=6FzN'OQ0]{U,c\\K4eLmAdB9Bp0=\"\t$)wl>,B/{.{", (void *)-2038600631289130388, 797542007, -2023160843, -6904706, -1338730715, 1304650586): different memory
expected:
0000: 2633 3931 3938 3033 3737 3140 4243 0a67 ->  &3919803771@BC.g
0010: 3d2e 3425 2724 796b 4172 4f46 755f 7743 ->  =.4%'$ykArOFu_wC
0020: 3545 3e6e 3a3e 6635 5f4a 432e 346b 232a ->  5E>n:>f5_JC.4k#*
0030: 7b0c 4f55 6256 6b42 5152 717a 2822 797e ->  {.OUbVkBQRqz("y~
0040: 5147 7832 4138 3e2e 414f 7a4c 730d 4878 ->  QGx2A8>.AOzLs.Hx
0050: 7a59 7478 3d36 467a 4e27 4f51 305d 7b55 ->  zYtx=6FzN'OQ0]{U
0060: 2c63 5c4b 3465 4c6d 4164 4239 4270 303d ->  ,c\K4eLmAdB9Bp0=
0070: 2209 2429 776c 3e2c 422f 7b2e 7b5a 5a25 ->  ".$)wl>,B/{.{ZZ%
0080: 6627 3973 5327 6f2e 3230 7865 3362 3536 ->  f'9sS'o.20xe3b56
0090: 6638 3664 6431 6664 3236 637c 437a 4c2e ->  f86dd1fd26c|CzL.
00a0: 613e 7d37 7c77 684d 5d3a 6a4e 2d73 6d4c ->  a>}7|whM]:jN-smL
00b0: f555 425c 5055 6474 6b46 4639 3641 3437 ->  .UB\PUdtkFF96A47
00c0: 4526 3a4d 414e 3422 2326 5125 0d31 3330 ->  E&:MAN4"#&Q%.130
00d0: 3436 3530 3538 366d 506f 4448 3600 11   ->  4650586mPoDH6..
yours:
0000: 2633 3931 3938 3033 3737 3140 4243 0a67 ->  &3919803771@BC.g
0010: 3d2e 3425 2724 796b 4172 4f46 755f 7743 ->  =.4%'$ykArOFu_wC
0020: 3545 3e6e 3a3e 6635 5f4a 432e 346b 232a ->  5E>n:>f5_JC.4k#*
0030: 7b0c 4f55 6256 6b42 5152 717a 2822 797e ->  {.OUbVkBQRqz("y~
0040: 5147 7832 4138 3e2e 414f 7a4c 730d 4878 ->  QGx2A8>.AOzLs.Hx
0050: 7a59 7478 3d36 467a 4e27 4f51 305d 7b55 ->  zYtx=6FzN'OQ0]{U
0060: 2c63 5c4b 3465 4c6d 4164 4239 4270 303d ->  ,c\K4eLmAdB9Bp0=
0070: 2209 2429 776c 3e2c 422f 7b2e 7b5a 5a25 ->  ".$)wl>,B/{.{ZZ%
0080: 6627 3973 5327 6f2e 3230 7865 3362 3536 ->  f'9sS'o.20xe3b56
0090: 6638 3664 6431 6664 3236 637c 437a 4c2e ->  f86dd1fd26c|CzL.
00a0: 613e 7d37 7c77 684d 5d3a 6a4e 2d73 6d4c ->  a>}7|whM]:jN-smL
00b0: f555 425c 5055 6474 6b31 4646 3936 4134 ->  .UB\PUdtk1FF96A4
00c0: 3745 263a 4d41 4e34 2223 2651 250d 3133 ->  7E&:MAN4"#&Q%.13
00d0: 3034 3635 3035 3836 6d50 6f44 4836 00   ->  04650586mPoDH6.

Error in test 45: ft_printf(";%dJv8\tL,wuF|%i%x%XIxvno%u\v_?2ow%x>:%paSiu%c@f%xU'", 978680651, 204438531, -15842618, -457952892, -1658741887, 977176511, (void *)3877447717687565446, 1341387446, 1627455363): returned: 120, but expected: 111
Error in test 45: ft_printf(";%dJv8\tL,wuF|%i%x%XIxvno%u\v_?2ow%x>:%paSiu%c@f%xU'", 978680651, 204438531, -15842618, -457952892, -1658741887, 977176511, (void *)3877447717687565446, 1341387446, 1627455363): different memory
expected:
0000: 3b39 3738 3638 3036 3531 4a76 3809 4c2c ->  ;978680651Jv8.L,
0010: 7775 467c 3230 3434 3338 3533 3166 6630 ->  wuF|204438531ff0
0020: 6534 3263 3645 3442 3433 3138 3449 7876 ->  e42c6E4B43184Ixv
0030: 6e6f 3236 3336 3232 3534 3039 0b5f 3f32 ->  no2636225409._?2
0040: 6f77 3361 3365 3837 6266 3e3a 3078 3335 ->  ow3a3e87bf>:0x35
0050: 6366 3736 3237 6437 6561 3963 3836 6153 ->  cf7627d7ea9c86aS
0060: 6975 b640 6636 3130 3066 6638 3355 2700 ->  iu.@f6100ff83U'.
yours:
0000: 3b39 3738 3638 3036 3531 4a76 3809 4c2c ->  ;978680651Jv8.L,
0010: 7775 467c 3230 3434 3338 3533 3166 6630 ->  wuF|204438531ff0
0020: 6534 3263 3645 3442 3433 3138 3449 7876 ->  e42c6E4B43184Ixv
0030: 6e6f 3236 3336 3232 3534 3039 0b5f 3f32 ->  no2636225409._?2
0040: 6f77 3832 3530 6239 3531 3361 3365 3837 ->  ow8250b9513a3e87
0050: 6266 3e3a 3078 3335 6366 3736 3237 6437 ->  bf>:0x35cf7627d7
0060: 6561 3963 3836 6153 6975 b640 6631 3631 ->  ea9c86aSiu.@f161
0070: 3030 6666 3833 5527 00                  ->  00ff83U'.

Error in test 58: ft_printf("\fM2VoEbF"V%d%%@%cX.n/kFs_>%x[90+-Y{^%uFTxD%ulFE~Y\d%XQi\n*%d M>#j07%i35z][:\n@V", 1697105148, 1822385254, -141218312, 1783428055, -2094130247, 2127943070, 1535301671, 1728944552): returned: 135, but expected: 127
Error in test 58: ft_printf("\fM2VoEbF"V%d%%@%cX.n/kFs_>%x[90+-Y{^%uFTxD%ulFE~Y\d%XQi\n*%d M>#j07%i35z][:\n@V", 1697105148, 1822385254, -141218312, 1783428055, -2094130247, 2127943070, 1535301671, 1728944552): different memory
expected:
0000: 0c4d 3256 6f45 6246 2256 3136 3937 3130 ->  .M2VoEbF"V169710
0010: 3531 3438 2540 6658 2e6e 2f6b 4673 5f3e ->  5148%@fX.n/kFs_>
0020: 6637 3935 3264 6638 5b39 302b 2d59 7b5e ->  f7952df8[90+-Y{^
0030: 3137 3833 3432 3830 3535 4654 7844 3232 ->  1783428055FTxD22
0040: 3030 3833 3730 3439 6c46 457e 595c 6437 ->  00837049lFE~Y\d7
0050: 4544 3544 3539 4551 690a 2a31 3533 3533 ->  ED5D59EQi.*15353
0060: 3031 3637 3120 4d3e 236a 3037 3137 3238 ->  01671 M>#j071728
0070: 3934 3435 3532 3335 7a5d 5b3a 0a40 5600 ->  94455235z][:.@V.
yours:
0000: 0c4d 3256 6f45 6246 2256 3136 3937 3130 ->  .M2VoEbF"V169710
0010: 3531 3438 2540 6658 2e6e 2f6b 4673 5f3e ->  5148%@fX.n/kFs_>
0020: 6637 3935 3264 6638 5b39 302b 2d59 7b5e ->  f7952df8[90+-Y{^
0030: 3137 3833 3432 3830 3535 4654 7844 3232 ->  1783428055FTxD22
0040: 3030 3833 3730 3439 6c46 457e 595c 6438 ->  00837049lFE~Y\d8
0050: 3235 3042 3935 3137 4544 3544 3539 4551 ->  250B9517ED5D59EQ
0060: 690a 2a31 3533 3533 3031 3637 3120 4d3e ->  i.*1535301671 M>
0070: 236a 3037 3137 3238 3934 3435 3532 3335 ->  #j07172894455235
0080: 7a5d 5b3a 0a40 5600                     ->  z][:.@V.

Error in test 63: ft_printf("%iA`|o%s}{?|!b%d;{;,a%dBzv}.LY8q%dPU)5eQ[;o%X\%p%iH^Gxu7 ZCs%ii$*", 904267856, "EbM=]}9Ivos\\)A|u pZj3)df\vT<DI$^qX@U)1\"\"h)[/ZCM5]2F~QP\n{C1\\For'hlIh&eaOr()DM@<LgxCU", -757036266, -827690479, -1332353350, -240574567, (void *)3708652118789851122, 687026742, -1985438439): returned: 223, but expected: 215
Error in test 63: ft_printf("%iA`|o%s}{?|!b%d;{;,a%dBzv}.LY8q%dPU)5eQ[;o%X\%p%iH^Gxu7 ZCs%ii$*", 904267856, "EbM=]}9Ivos\\)A|u pZj3)df\vT<DI$^qX@U)1\"\"h)[/ZCM5]2F~QP\n{C1\\For'hlIh&eaOr()DM@<LgxCU", -757036266, -827690479, -1332353350, -240574567, (void *)3708652118789851122, 687026742, -1985438439): different memory
expected:
0000: 3930 3432 3637 3835 3641 607c 6f45 624d ->  904267856A`|oEbM
0010: 3d5d 7d39 4976 6f73 5c29 417c 7520 705a ->  =]}9Ivos\)A|u pZ
0020: 6a33 2964 660b 543c 4449 245e 7158 4055 ->  j3)df.T<DI$^qX@U
0030: 2931 2222 6829 5b2f 5a43 4d35 5d32 467e ->  )1""h)[/ZCM5]2F~
0040: 5150 0a7b 4331 5c46 6f72 2768 6c49 6826 ->  QP.{C1\For'hlIh&
0050: 6561 4f72 2829 444d 403c 4c67 7843 557d ->  eaOr()DM@<LgxCU}
0060: 7b3f 7c21 622d 3735 3730 3336 3236 363b ->  {?|!b-757036266;
0070: 7b3b 2c61 2d38 3237 3639 3034 3739 427a ->  {;,a-827690479Bz
0080: 767d 2e4c 5938 712d 3133 3332 3335 3333 ->  v}.LY8q-13323533
0090: 3530 5055 2935 6551 5b3b 6f46 3141 3931 ->  50PU)5eQ[;oF1A91
00a0: 4639 395c 3078 3333 3737 6337 3733 6537 ->  F99\0x3377c773e7
00b0: 6638 3037 6632 3638 3730 3236 3734 3248 ->  f807f2687026742H
00c0: 5e47 7875 3720 5a43 732d 3139 3835 3433 ->  ^Gxu7 ZCs-198543
00d0: 3834 3339 6924 2a00 1111 1111 1111 1111 ->  8439i$*.........
yours:
0000: 3930 3432 3637 3835 3641 607c 6f45 624d ->  904267856A`|oEbM
0010: 3d5d 7d39 4976 6f73 5c29 417c 7520 705a ->  =]}9Ivos\)A|u pZ
0020: 6a33 2964 660b 543c 4449 245e 7158 4055 ->  j3)df.T<DI$^qX@U
0030: 2931 2222 6829 5b2f 5a43 4d35 5d32 467e ->  )1""h)[/ZCM5]2F~
0040: 5150 0a7b 4331 5c46 6f72 2768 6c49 6826 ->  QP.{C1\For'hlIh&
0050: 6561 4f72 2829 444d 403c 4c67 7843 557d ->  eaOr()DM@<LgxCU}
0060: 7b3f 7c21 622d 3735 3730 3336 3236 363b ->  {?|!b-757036266;
0070: 7b3b 2c61 2d38 3237 3639 3034 3739 427a ->  {;,a-827690479Bz
0080: 767d 2e4c 5938 712d 3133 3332 3335 3333 ->  v}.LY8q-13323533
0090: 3530 5055 2935 6551 5b3b 6f38 3235 3042 ->  50PU)5eQ[;o8250B
00a0: 3935 3146 3141 3931 4639 395c 3078 3333 ->  951F1A91F99\0x33
00b0: 3737 6337 3733 6537 6638 3037 6632 3638 ->  77c773e7f807f268
00c0: 3730 3236 3734 3248 5e47 7875 3720 5a43 ->  7026742H^Gxu7 ZC
00d0: 732d 3139 3835 3433 3834 3339 6924 2a00 ->  s-1985438439i$*.

Error in test 65: ft_printf("6*6A +:x%X%pa\v+\r%X_W\vf^X%cA8Mz%%@a\vlf<Q$D4%u8g%XF\f", -1589712307, (void *)-7005153885366123680, -520789860, -2097592717, 1223739133, 1941450234): returned: 98, but expected: 90
Error in test 65: ft_printf("6*6A +:x%X%pa\v+\r%X_W\vf^X%cA8Mz%%@a\vlf<Q$D4%u8g%XF\f", -1589712307, (void *)-7005153885366123680, -520789860, -2097592717, 1223739133, 1941450234): different memory
expected:
0000: 362a 3641 202b 3a78 4131 3345 4541 3444 ->  6*6A +:xA13EEA4D
0010: 3078 3965 6338 6231 6137 6639 6365 3033 ->  0x9ec8b1a7f9ce03
0020: 3630 610b 2b0d 4530 4635 3630 3943 5f57 ->  60a.+.E0F5609C_W
0030: 0b66 5e58 7341 384d 7a25 4061 0b6c 663c ->  .f^XsA8Mz%@a.lf<
0040: 5124 4434 3132 3233 3733 3931 3333 3867 ->  Q$D412237391338g
0050: 3733 4238 3244 4641 460c 0011 1111 1111 ->  73B82DFAF.......
yours:
0000: 362a 3641 202b 3a78 4131 3345 4541 3444 ->  6*6A +:xA13EEA4D
0010: 3078 3965 6338 6231 6137 6639 6365 3033 ->  0x9ec8b1a7f9ce03
0020: 3630 610b 2b0d 4530 4635 3630 3943 5f57 ->  60a.+.E0F5609C_W
0030: 0b66 5e58 7341 384d 7a25 4061 0b6c 663c ->  .f^XsA8Mz%@a.lf<
0040: 5124 4434 3132 3233 3733 3931 3333 3867 ->  Q$D412237391338g
0050: 3832 3530 4239 3531 3733 4238 3244 4641 ->  8250B95173B82DFA
0060: 460c 00                                 ->  F..

Error in test 67: ft_printf("}LmrU7M9V\n%pM[Vg0%c\vCs?@&%clY9v%s%sx7,u2w-F%x,Z", (void *)7523516160037017690, 1687267742, 815842173, "\neZtSb0W{G)LU,#?k>MM+IXI}D4E}[VV", "d\\4X\r;x3\n<VQk*D)vgQ#Hp8o<\rEAO'Xl'8!Y~t\vOBu", 547792323): returned: 145, but expected: 137
Error in test 67: ft_printf("}LmrU7M9V\n%pM[Vg0%c\vCs?@&%clY9v%s%sx7,u2w-F%x,Z", (void *)7523516160037017690, 1687267742, 815842173, "\neZtSb0W{G)LU,#?k>MM+IXI}D4E}[VV", "d\\4X\r;x3\n<VQk*D)vgQ#Hp8o<\rEAO'Xl'8!Y~t\vOBu", 547792323): different memory
expected:
0000: 7d4c 6d72 5537 4d39 560a 3078 3638 3638 ->  }LmrU7M9V.0x6868
0010: 6536 3136 3134 6561 6438 3561 4d5b 5667 ->  e61614ead85aM[Vg
0020: 309e 0b43 733f 4026 7d6c 5939 760a 655a ->  0..Cs?@&}lY9v.eZ
0030: 7453 6230 577b 4729 4c55 2c23 3f6b 3e4d ->  tSb0W{G)LU,#?k>M
0040: 4d2b 4958 497d 4434 457d 5b56 5664 5c34 ->  M+IXI}D4E}[VVd\4
0050: 580d 3b78 330a 3c56 516b 2a44 2976 6751 ->  X.;x3.<VQk*D)vgQ
0060: 2348 7038 6f3c 0d45 414f 2758 6c27 3821 ->  #Hp8o<.EAO'Xl'8!
0070: 597e 740b 4f42 7578 372c 7532 772d 4632 ->  Y~t.OBux7,u2w-F2
0080: 3061 3661 3563 332c 5a00 1111 1111 1111 ->  0a6a5c3,Z.......
yours:
0000: 7d4c 6d72 5537 4d39 560a 3078 3638 3638 ->  }LmrU7M9V.0x6868
0010: 6536 3136 3134 6561 6438 3561 4d5b 5667 ->  e61614ead85aM[Vg
0020: 309e 0b43 733f 4026 7d6c 5939 760a 655a ->  0..Cs?@&}lY9v.eZ
0030: 7453 6230 577b 4729 4c55 2c23 3f6b 3e4d ->  tSb0W{G)LU,#?k>M
0040: 4d2b 4958 497d 4434 457d 5b56 5664 5c34 ->  M+IXI}D4E}[VVd\4
0050: 580d 3b78 330a 3c56 516b 2a44 2976 6751 ->  X.;x3.<VQk*D)vgQ
0060: 2348 7038 6f3c 0d45 414f 2758 6c27 3821 ->  #Hp8o<.EAO'Xl'8!
0070: 597e 740b 4f42 7578 372c 7532 772d 4638 ->  Y~t.OBux7,u2w-F8
0080: 3235 3062 3935 3132 3061 3661 3563 332c ->  250b95120a6a5c3,
0090: 5a00                                    ->  Z.

Error in test 69: ft_printf("^%uu%s-}z%u=_{87%iR`"JP2|%%p/}q%iAmKWM0L%x)I", -762103892, "a~&K5Czx]t8qO}Spc=", -1733906942, 798692630, -1515562419, 1413221096): returned: 105, but expected: 97
Error in test 69: ft_printf("^%uu%s-}z%u=_{87%iR`"JP2|%%p/}q%iAmKWM0L%x)I", -762103892, "a~&K5Czx]t8qO}Spc=", -1733906942, 798692630, -1515562419, 1413221096): different memory
expected:
0000: 5e33 3533 3238 3633 3430 3475 617e 264b ->  ^3532863404ua~&K
0010: 3543 7a78 5d74 3871 4f7d 5370 633d 2d7d ->  5Czx]t8qO}Spc=-}
0020: 7a32 3536 3130 3630 3335 343d 5f7b 3837 ->  z2561060354=_{87
0030: 3739 3836 3932 3633 3052 6022 4a50 327c ->  798692630R`"JP2|
0040: 2570 2f7d 712d 3135 3135 3536 3234 3139 ->  %p/}q-1515562419
0050: 416d 4b57 4d30 4c35 3433 6330 6165 3829 ->  AmKWM0L543c0ae8)
0060: 4900 1111 1111 1111 1111                ->  I.........
yours:
0000: 5e33 3533 3238 3633 3430 3475 617e 264b ->  ^3532863404ua~&K
0010: 3543 7a78 5d74 3871 4f7d 5370 633d 2d7d ->  5Czx]t8qO}Spc=-}
0020: 7a32 3536 3130 3630 3335 343d 5f7b 3837 ->  z2561060354=_{87
0030: 3739 3836 3932 3633 3052 6022 4a50 327c ->  798692630R`"JP2|
0040: 2570 2f7d 712d 3135 3135 3536 3234 3139 ->  %p/}q-1515562419
0050: 416d 4b57 4d30 4c38 3235 3062 3935 3135 ->  AmKWM0L8250b9515
0060: 3433 6330 6165 3829 4900                ->  43c0ae8)I.

Error in test 70: ft_printf("4\tf+'Uu%satJgi%d/X{4H*\n-tN%i>%s| smlU%%]4Z33Ln=3^%dCquXaCkT%XY9%cn-TI_*%dSU}", "=X`80/zn\"7Nq+<}Od0/TCG[l%\n9I~g#8B+FZ/\t\fgq=J{xge#AEBIS'<UWyz|fpVW#ZY]{RH],Q[IVe\tI*8+_4T6", -1746010146, 345663480, "1#X4Ns", 1629622821, 1892417303, -1218920936, 388591861): returned: 208, but expected: 200
Error in test 70: ft_printf("4\tf+'Uu%satJgi%d/X{4H*\n-tN%i>%s| smlU%%]4Z33Ln=3^%dCquXaCkT%XY9%cn-TI_*%dSU}", "=X`80/zn\"7Nq+<}Od0/TCG[l%\n9I~g#8B+FZ/\t\fgq=J{xge#AEBIS'<UWyz|fpVW#ZY]{RH],Q[IVe\tI*8+_4T6", -1746010146, 345663480, "1#X4Ns", 1629622821, 1892417303, -1218920936, 388591861): different memory
expected:
0000: 3409 662b 2755 753d 5860 3830 2f7a 6e22 ->  4.f+'Uu=X`80/zn"
0010: 374e 712b 3c7d 4f64 302f 5443 475b 6c25 ->  7Nq+<}Od0/TCG[l%
0020: 0a39 497e 6723 3842 2b46 5a2f 090c 6771 ->  .9I~g#8B+FZ/..gq
0030: 3d4a 7b78 6765 2341 4542 4953 273c 5557 ->  =J{xge#AEBIS'<UW
0040: 797a 7c66 7056 5723 5a59 5d7b 5248 5d2c ->  yz|fpVW#ZY]{RH],
0050: 515b 4956 6509 492a 382b 5f34 5436 6174 ->  Q[IVe.I*8+_4T6at
0060: 4a67 692d 3137 3436 3031 3031 3436 2f58 ->  Jgi-1746010146/X
0070: 7b34 482a 0a2d 744e 3334 3536 3633 3438 ->  {4H*.-tN34566348
0080: 303e 3123 5834 4e73 7c20 736d 6c55 255d ->  0>1#X4Ns| smlU%]
0090: 345a 3333 4c6e 3d33 5e31 3632 3936 3232 ->  4Z33Ln=3^1629622
00a0: 3832 3143 7175 5861 436b 5437 3043 4246 ->  821CquXaCkT70CBF
00b0: 4631 3759 3918 6e2d 5449 5f2a 3338 3835 ->  F17Y9.n-TI_*3885
00c0: 3931 3836 3153 557d 0011 1111 1111 1111 ->  91861SU}........
yours:
0000: 3409 662b 2755 753d 5860 3830 2f7a 6e22 ->  4.f+'Uu=X`80/zn"
0010: 374e 712b 3c7d 4f64 302f 5443 475b 6c25 ->  7Nq+<}Od0/TCG[l%
0020: 0a39 497e 6723 3842 2b46 5a2f 090c 6771 ->  .9I~g#8B+FZ/..gq
0030: 3d4a 7b78 6765 2341 4542 4953 273c 5557 ->  =J{xge#AEBIS'<UW
0040: 797a 7c66 7056 5723 5a59 5d7b 5248 5d2c ->  yz|fpVW#ZY]{RH],
0050: 515b 4956 6509 492a 382b 5f34 5436 6174 ->  Q[IVe.I*8+_4T6at
0060: 4a67 692d 3137 3436 3031 3031 3436 2f58 ->  Jgi-1746010146/X
0070: 7b34 482a 0a2d 744e 3334 3536 3633 3438 ->  {4H*.-tN34566348
0080: 303e 3123 5834 4e73 7c20 736d 6c55 255d ->  0>1#X4Ns| smlU%]
0090: 345a 3333 4c6e 3d33 5e31 3632 3936 3232 ->  4Z33Ln=3^1629622
00a0: 3832 3143 7175 5861 436b 5438 3235 3042 ->  821CquXaCkT8250B
00b0: 3935 3137 3043 4246 4631 3759 3918 6e2d ->  95170CBFF17Y9.n-
00c0: 5449 5f2a 3338 3835 3931 3836 3153 557d ->  TI_*388591861SU}
00d0: 00                                      ->  .

Error in test 72: ft_printf("h}<Ht@%%Id>* %%5;%xea:]JS{%pF\t~Y\tAkVUg%p%XZ<7Thi%%\nat4B]Td:s%ucL]%XFyjS%u", 339011086, (void *)107742508503156576, (void *)-8173627325767552617, -1560966468, 1701189917, -1079065704, 1374391560): returned: 143, but expected: 135
Error in test 72: ft_printf("h}<Ht@%%Id>* %%5;%xea:]JS{%pF\t~Y\tAkVUg%p%XZ<7Thi%%\nat4B]Td:s%ucL]%XFyjS%u", 339011086, (void *)107742508503156576, (void *)-8173627325767552617, -1560966468, 1701189917, -1079065704, 1374391560): different memory
expected:
0000: 687d 3c48 7440 2549 643e 2a20 2535 3b31 ->  h}<Ht@%Id>* %5;1
0010: 3433 3465 3630 6565 613a 5d4a 537b 3078 ->  434e60eea:]JS{0x
0020: 3137 6563 3733 6439 6138 6134 3736 3046 ->  17ec73d9a8a4760F
0030: 097e 5909 416b 5655 6730 7838 6539 3137 ->  .~Y.AkVUg0x8e917
0040: 3134 3063 3133 3266 3139 3741 3246 3538 ->  140c132f197A2F58
0050: 4142 435a 3c37 5468 6925 0a61 7434 425d ->  ABCZ<7Thi%.at4B]
0060: 5464 3a73 3137 3031 3138 3939 3137 634c ->  Td:s1701189917cL
0070: 5d42 4641 4543 3339 3846 796a 5331 3337 ->  ]BFAEC398FyjS137
0080: 3433 3931 3536 3000 1111 1111 1111 1111 ->  4391560.........
yours:
0000: 687d 3c48 7440 2549 643e 2a20 2535 3b31 ->  h}<Ht@%Id>* %5;1
0010: 3433 3465 3630 6565 613a 5d4a 537b 3078 ->  434e60eea:]JS{0x
0020: 3137 6563 3733 6439 6138 6134 3736 3046 ->  17ec73d9a8a4760F
0030: 097e 5909 416b 5655 6730 7838 6539 3137 ->  .~Y.AkVUg0x8e917
0040: 3134 3063 3133 3266 3139 3741 3246 3538 ->  140c132f197A2F58
0050: 4142 435a 3c37 5468 6925 0a61 7434 425d ->  ABCZ<7Thi%.at4B]
0060: 5464 3a73 3137 3031 3138 3939 3137 634c ->  Td:s1701189917cL
0070: 5d38 3235 3042 3935 3142 4641 4543 3339 ->  ]8250B951BFAEC39
0080: 3846 796a 5331 3337 3433 3931 3536 3000 ->  8FyjS1374391560.

Error in test 76: ft_printf("qwO]/KdQ%%3%pGb{ZZ/X%i@U]TIsT%X5b\>G/}E\rP%p'Db%X.q.\f%XE%u'Z%%iau", (void *)4307614305734520902, 694761331, 459372930, (void *)8527813551299611406, 844816434, 1017688736, -1895422777): returned: 135, but expected: 127
Error in test 76: ft_printf("qwO]/KdQ%%3%pGb{ZZ/X%i@U]TIsT%X5b\>G/}E\rP%p'Db%X.q.\f%XE%u'Z%%iau", (void *)4307614305734520902, 694761331, 459372930, (void *)8527813551299611406, 844816434, 1017688736, -1895422777): different memory
expected:
0000: 7177 4f5d 2f4b 6451 2533 3078 3362 6337 ->  qwO]/KdQ%30x3bc7
0010: 6238 3633 3661 6232 3730 3436 4762 7b5a ->  b8636ab27046Gb{Z
0020: 5a2f 5836 3934 3736 3133 3331 4055 5d54 ->  Z/X694761331@U]T
0030: 4973 5431 4236 3137 3938 3235 625c 3e47 ->  IsT1B6179825b\>G
0040: 2f7d 450d 5030 7837 3635 3865 3133 6531 ->  /}E.P0x7658e13e1
0050: 6266 3963 6230 6527 4462 3332 3541 4530 ->  bf9cb0e'Db325AE0
0060: 3332 2e71 2e0c 3343 4138 4232 4130 4532 ->  32.q..3CA8B2A0E2
0070: 3339 3935 3434 3531 3927 5a25 6961 7500 ->  399544519'Z%iau.
yours:
0000: 7177 4f5d 2f4b 6451 2533 3078 3362 6337 ->  qwO]/KdQ%30x3bc7
0010: 6238 3633 3661 6232 3730 3436 4762 7b5a ->  b8636ab27046Gb{Z
0020: 5a2f 5836 3934 3736 3133 3331 4055 5d54 ->  Z/X694761331@U]T
0030: 4973 5431 4236 3137 3938 3235 625c 3e47 ->  IsT1B6179825b\>G
0040: 2f7d 450d 5030 7837 3635 3865 3133 6531 ->  /}E.P0x7658e13e1
0050: 6266 3963 6230 6527 4462 3332 3541 4530 ->  bf9cb0e'Db325AE0
0060: 3332 2e71 2e0c 3832 3530 4239 3531 3343 ->  32.q..8250B9513C
0070: 4138 4232 4130 4532 3339 3935 3434 3531 ->  A8B2A0E239954451
0080: 3927 5a25 6961 7500                     ->  9'Z%iau.

Error in test 78: ft_printf("Qr"%d@Ml1M`l%c%c\v/4,X%cM%x[8\n/VoyXZf%sOhpU8USv%Xcl7Eo]%c.GXe)\t%% ]h%s", -670013731, 1395282700, -961716988, 1267046726, -1346788004, "._sg>W,8y\txZ'TZTTJ{YwZUld>4bbv((X%z7J,+U<|TdC&?BSm(b#8w", -940080911, 697266976, "dIONaOl7ojku\"Z<#O~X{fO/k6wn&p;;(dVTP8|Kaadvu]\r@y\n=,i~#\f6.>Hv?B|l\r{Ys*%~aHQ1G?j:dR~`nXi8X;"): returned: 232, but expected: 224
Error in test 78: ft_printf("Qr"%d@Ml1M`l%c%c\v/4,X%cM%x[8\n/VoyXZf%sOhpU8USv%Xcl7Eo]%c.GXe)\t%% ]h%s", -670013731, 1395282700, -961716988, 1267046726, -1346788004, "._sg>W,8y\txZ'TZTTJ{YwZUld>4bbv((X%z7J,+U<|TdC&?BSm(b#8w", -940080911, 697266976, "dIONaOl7ojku\"Z<#O~X{fO/k6wn&p;;(dVTP8|Kaadvu]\r@y\n=,i~#\f6.>Hv?B|l\r{Ys*%~aHQ1G?j:dR~`nXi8X;"): different memory
expected:
0000: 5172 222d 3637 3030 3133 3733 3140 4d6c ->  Qr"-670013731@Ml
0010: 314d 606c 0c04 0b2f 342c 5846 4d61 6662 ->  1M`l.../4,XFMafb
0020: 3961 3535 635b 380a 2f56 6f79 585a 662e ->  9a55c[8./VoyXZf.
0030: 5f73 673e 572c 3879 0978 5a27 545a 5454 ->  _sg>W,8y.xZ'TZTT
0040: 4a7b 5977 5a55 6c64 3e34 6262 7628 2858 ->  J{YwZUld>4bbv((X
0050: 257a 374a 2c2b 553c 7c54 6443 263f 4253 ->  %z7J,+U<|TdC&?BS
0060: 6d28 6223 3877 4f68 7055 3855 5376 4337 ->  m(b#8wOhpU8USvC7
0070: 4637 3830 4631 636c 3745 6f5d 202e 4758 ->  F780F1cl7Eo] .GX
0080: 6529 0925 205d 6864 494f 4e61 4f6c 376f ->  e).% ]hdIONaOl7o
0090: 6a6b 7522 5a3c 234f 7e58 7b66 4f2f 6b36 ->  jku"Z<#O~X{fO/k6
00a0: 776e 2670 3b3b 2864 5654 5038 7c4b 6161 ->  wn&p;;(dVTP8|Kaa
00b0: 6476 755d 0d40 790a 3d2c 697e 230c 362e ->  dvu].@y.=,i~#.6.
00c0: 3e48 763f 427c 6c0d 7b59 732a 257e 6148 ->  >Hv?B|l.{Ys*%~aH
00d0: 5131 473f 6a3a 6452 7e60 6e58 6938 583b ->  Q1G?j:dR~`nXi8X;
00e0: 0011 1111 1111 1111 11                  ->  .........
yours:
0000: 5172 222d 3637 3030 3133 3733 3140 4d6c ->  Qr"-670013731@Ml
0010: 314d 606c 0c04 0b2f 342c 5846 4d61 6662 ->  1M`l.../4,XFMafb
0020: 3961 3535 635b 380a 2f56 6f79 585a 662e ->  9a55c[8./VoyXZf.
0030: 5f73 673e 572c 3879 0978 5a27 545a 5454 ->  _sg>W,8y.xZ'TZTT
0040: 4a7b 5977 5a55 6c64 3e34 6262 7628 2858 ->  J{YwZUld>4bbv((X
0050: 257a 374a 2c2b 553c 7c54 6443 263f 4253 ->  %z7J,+U<|TdC&?BS
0060: 6d28 6223 3877 4f68 7055 3855 5376 3333 ->  m(b#8wOhpU8USv33
0070: 3737 4337 3733 4337 4637 3830 4631 636c ->  77C773C7F780F1cl
0080: 3745 6f5d 202e 4758 6529 0925 205d 6864 ->  7Eo] .GXe).% ]hd
0090: 494f 4e61 4f6c 376f 6a6b 7522 5a3c 234f ->  IONaOl7ojku"Z<#O
00a0: 7e58 7b66 4f2f 6b36 776e 2670 3b3b 2864 ->  ~X{fO/k6wn&p;;(d
00b0: 5654 5038 7c4b 6161 6476 755d 0d40 790a ->  VTP8|Kaadvu].@y.
00c0: 3d2c 697e 230c 362e 3e48 763f 427c 6c0d ->  =,i~#.6.>Hv?B|l.
00d0: 7b59 732a 257e 6148 5131 473f 6a3a 6452 ->  {Ys*%~aHQ1G?j:dR
00e0: 7e60 6e58 6938 583b 00                  ->  ~`nXi8X;.

Error in test 84: ft_printf("h?+}%c/r{o4PRVA(%%Jt8 U-%%!>:Lhw`Q%%|ze<GITQHq%x\n!qfa%i$2%u%X.%iy%x5#", 535744456, 1834861992, -1815600101, 211923915, -2080985291, 1390131378, 2010854665): returned: 115, but expected: 107
Error in test 84: ft_printf("h?+}%c/r{o4PRVA(%%Jt8 U-%%!>:Lhw`Q%%|ze<GITQHq%x\n!qfa%i$2%u%X.%iy%x5#", 535744456, 1834861992, -1815600101, 211923915, -2080985291, 1390131378, 2010854665): different memory
expected:
0000: 683f 2b7d c82f 727b 6f34 5052 5641 2825 ->  h?+}./r{o4PRVA(%
0010: 4a74 3820 552d 2521 3e3a 4c68 7760 5125 ->  Jt8 U-%!>:Lhw`Q%
0020: 7c7a 653c 4749 5451 4871 3664 3564 6335 ->  |ze<GITQHq6d5dc5
0030: 6138 0a21 7166 612d 3138 3135 3630 3031 ->  a8.!qfa-18156001
0040: 3031 2432 3231 3139 3233 3931 3538 3346 ->  01$221192391583F
0050: 3641 4633 352e 3133 3930 3133 3133 3738 ->  6AF35.1390131378
0060: 7937 3764 6233 3530 3935 2300 1111 1111 ->  y77db35095#.....
yours:
0000: 683f 2b7d c82f 727b 6f34 5052 5641 2825 ->  h?+}./r{o4PRVA(%
0010: 4a74 3820 552d 2521 3e3a 4c68 7760 5125 ->  Jt8 U-%!>:Lhw`Q%
0020: 7c7a 653c 4749 5451 4871 3664 3564 6335 ->  |ze<GITQHq6d5dc5
0030: 6138 0a21 7166 612d 3138 3135 3630 3031 ->  a8.!qfa-18156001
0040: 3031 2432 3231 3139 3233 3931 3538 3346 ->  01$221192391583F
0050: 3641 4633 352e 3133 3930 3133 3133 3738 ->  6AF35.1390131378
0060: 7933 3337 3763 3737 3337 3764 6233 3530 ->  y3377c77377db350
0070: 3935 2300                               ->  95#.

Error in test 85: ft_printf("2,.KORE%x\A8*[%u. %sd7%iN&)=rq9Ph%xIO~K%x%%r/d|14Xt4%uQ a%u%s{We", -2061363562, -920887293, "Hxko32<^~2s\\lin*f,IVM67\rO6\\+n2<>%U:)iN$\t7O^k}GN\\=1BzeM\vjG 5d<.[57pw%NvH\\ WI,'WF-k\tdn.9", 334527604, -346053893, 360138697, -391742821, 779178894, "\rFw(YNZ[$cu|asU.B|]vWfS}XNaj`@yrO!I5\"gy\f\nN`|r\vNE?o9Ft!m('ZAjtNUgurq.7x\r5(r+sTy$sb"): returned: 275, but expected: 274
Error in test 85: ft_printf("2,.KORE%x\A8*[%u. %sd7%iN&)=rq9Ph%xIO~K%x%%r/d|14Xt4%uQ a%u%s{We", -2061363562, -920887293, "Hxko32<^~2s\\lin*f,IVM67\rO6\\+n2<>%U:)iN$\t7O^k}GN\\=1BzeM\vjG 5d<.[57pw%NvH\\ WI,'WF-k\tdn.9", 334527604, -346053893, 360138697, -391742821, 779178894, "\rFw(YNZ[$cu|asU.B|]vWfS}XNaj`@yrO!I5\"gy\f\nN`|r\vNE?o9Ft!m('ZAjtNUgurq.7x\r5(r+sTy$sb"): different memory
expected:
0000: 322c 2e4b 4f52 4538 3532 3231 3639 365c ->  2,.KORE85221696\
0010: 4138 2a5b 3333 3734 3038 3030 3033 2e20 ->  A8*[3374080003. 
0020: 4878 6b6f 3332 3c5e 7e32 735c 6c69 6e2a ->  Hxko32<^~2s\lin*
0030: 662c 4956 4d36 370d 4f36 5c2b 6e32 3c3e ->  f,IVM67.O6\+n2<>
0040: 2555 3a29 694e 2409 374f 5e6b 7d47 4e5c ->  %U:)iN$.7O^k}GN\
0050: 3d31 427a 654d 0b6a 4720 3564 3c2e 5b35 ->  =1BzeM.jG 5d<.[5
0060: 3770 7725 4e76 485c 2057 492c 2757 462d ->  7pw%NvH\ WI,'WF-
0070: 6b09 646e 2e39 6437 3333 3435 3237 3630 ->  k.dn.9d733452760
0080: 344e 2629 3d72 7139 5068 6562 3566 6132 ->  4N&)=rq9Pheb5fa2
0090: 6662 494f 7e4b 3135 3737 3437 6339 2572 ->  fbIO~K157747c9%r
00a0: 2f64 7c31 3458 7434 3339 3033 3232 3434 ->  /d|14Xt439032244
00b0: 3735 5120 6137 3739 3137 3838 3934 0d46 ->  75Q a779178894.F
00c0: 7728 594e 5a5b 2463 757c 6173 552e 427c ->  w(YNZ[$cu|asU.B|
00d0: 5d76 5766 537d 584e 616a 6040 7972 4f21 ->  ]vWfS}XNaj`@yrO!
00e0: 4935 2267 790c 0a4e 607c 720b 4e45 3f6f ->  I5"gy..N`|r.NE?o
00f0: 3946 7421 6d28 275a 416a 744e 5567 7572 ->  9Ft!m('ZAjtNUgur
0100: 712e 3778 0d35 2872 2b73 5479 2473 627b ->  q.7x.5(r+sTy$sb{
0110: 5765 0011                               ->  We..
yours:
0000: 322c 2e4b 4f52 4538 3532 3231 3639 365c ->  2,.KORE85221696\
0010: 4138 2a5b 3333 3734 3038 3030 3033 2e20 ->  A8*[3374080003. 
0020: 4878 6b6f 3332 3c5e 7e32 735c 6c69 6e2a ->  Hxko32<^~2s\lin*
0030: 662c 4956 4d36 370d 4f36 5c2b 6e32 3c3e ->  f,IVM67.O6\+n2<>
0040: 2555 3a29 694e 2409 374f 5e6b 7d47 4e5c ->  %U:)iN$.7O^k}GN\
0050: 3d31 427a 654d 0b6a 4720 3564 3c2e 5b35 ->  =1BzeM.jG 5d<.[5
0060: 3770 7725 4e76 485c 2057 492c 2757 462d ->  7pw%NvH\ WI,'WF-
0070: 6b09 646e 2e39 6437 3333 3435 3237 3630 ->  k.dn.9d733452760
0080: 344e 2629 3d72 7139 5068 6562 3566 6132 ->  4N&)=rq9Pheb5fa2
0090: 6662 494f 7e4b 3131 3537 3734 3763 3925 ->  fbIO~K1157747c9%
00a0: 722f 647c 3134 5874 3433 3930 3332 3234 ->  r/d|14Xt43903224
00b0: 3437 3551 2061 3737 3931 3738 3839 340d ->  475Q a779178894.
00c0: 4677 2859 4e5a 5b24 6375 7c61 7355 2e42 ->  Fw(YNZ[$cu|asU.B
00d0: 7c5d 7657 6653 7d58 4e61 6a60 4079 724f ->  |]vWfS}XNaj`@yrO
00e0: 2149 3522 6779 0c0a 4e60 7c72 0b4e 453f ->  !I5"gy..N`|r.NE?
00f0: 6f39 4674 216d 2827 5a41 6a74 4e55 6775 ->  o9Ft!m('ZAjtNUgu
0100: 7271 2e37 780d 3528 722b 7354 7924 7362 ->  rq.7x.5(r+sTy$sb
0110: 7b57 6500                               ->  {We.

Error in test 88: ft_printf("F>7fMp\M<%c}l%%ITR%X'u^%d="j?pGA%%\fsg1}m:gNK%pz%xjh%d-|o%Xe{", 320093217, 1688992059, 1168436401, (void *)-4826834858685258725, -99755036, -1400955134, 281347106): returned: 116, but expected: 108
Error in test 88: ft_printf("F>7fMp\M<%c}l%%ITR%X'u^%d="j?pGA%%\fsg1}m:gNK%pz%xjh%d-|o%Xe{", 320093217, 1688992059, 1168436401, (void *)-4826834858685258725, -99755036, -1400955134, 281347106): different memory
expected:
0000: 463e 3766 4d70 5c4d 3c21 7d6c 2549 5452 ->  F>7fMp\M<!}l%ITR
0010: 3634 4142 4639 3342 2775 5e31 3136 3834 ->  64ABF93B'u^11684
0020: 3336 3430 313d 226a 3f70 4741 250c 7367 ->  36401="j?pGA%.sg
0030: 317d 6d3a 674e 4b30 7862 6430 3361 3334 ->  1}m:gNK0xbd03a34
0040: 3530 6139 3761 3431 627a 6661 3064 6462 ->  50a97a41bzfa0ddb
0050: 6534 6a68 2d31 3430 3039 3535 3133 342d ->  e4jh-1400955134-
0060: 7c6f 3130 4335 3034 3232 657b 0011 1111 ->  |o10C50422e{....
yours:
0000: 463e 3766 4d70 5c4d 3c21 7d6c 2549 5452 ->  F>7fMp\M<!}l%ITR
0010: 3634 4142 4639 3342 2775 5e31 3136 3834 ->  64ABF93B'u^11684
0020: 3336 3430 313d 226a 3f70 4741 250c 7367 ->  36401="j?pGA%.sg
0030: 317d 6d3a 674e 4b30 7862 6430 3361 3334 ->  1}m:gNK0xbd03a34
0040: 3530 6139 3761 3431 627a 6661 3064 6462 ->  50a97a41bzfa0ddb
0050: 6534 6a68 2d31 3430 3039 3535 3133 342d ->  e4jh-1400955134-
0060: 7c6f 3333 3737 4337 3733 3130 4335 3034 ->  |o3377C77310C504
0070: 3232 657b 00                            ->  22e{.

Error in test 89: ft_printf("'\v^a!6zk%X1V8,{%d/%ul-^e>R%iLG:)%u qn713e%xU}12B\v|%c7c%d.f\n^\t}yD", 1004757052, -1064495962, -1927730830, 2125640159, -1984331584, -475301402, 1700530803, 438337941): returned: 123, but expected: 115
Error in test 89: ft_printf("'\v^a!6zk%X1V8,{%d/%ul-^e>R%iLG:)%u qn713e%xU}12B\v|%c7c%d.f\n^\t}yD", 1004757052, -1064495962, -1927730830, 2125640159, -1984331584, -475301402, 1700530803, 438337941): different memory
expected:
0000: 270b 5e61 2136 7a6b 3342 4533 3630 3343 ->  '.^a!6zk3BE3603C
0010: 3156 382c 7b2d 3130 3634 3439 3539 3632 ->  1V8,{-1064495962
0020: 2f32 3336 3732 3336 3436 366c 2d5e 653e ->  /2367236466l-^e>
0030: 5232 3132 3536 3430 3135 394c 473a 2932 ->  R2125640159LG:)2
0040: 3331 3036 3335 3731 3220 716e 3731 3365 ->  310635712 qn713e
0050: 6533 6162 3739 6536 557d 3132 420b 7c73 ->  e3ab79e6U}12B.|s
0060: 3763 3433 3833 3337 3934 312e 660a 5e09 ->  7c438337941.f.^.
0070: 7d79 4400 1111 1111 1111 1111           ->  }yD.........
yours:
0000: 270b 5e61 2136 7a6b 3342 4533 3630 3343 ->  '.^a!6zk3BE3603C
0010: 3156 382c 7b2d 3130 3634 3439 3539 3632 ->  1V8,{-1064495962
0020: 2f32 3336 3732 3336 3436 366c 2d5e 653e ->  /2367236466l-^e>
0030: 5232 3132 3536 3430 3135 394c 473a 2932 ->  R2125640159LG:)2
0040: 3331 3036 3335 3731 3220 716e 3731 3365 ->  310635712 qn713e
0050: 6561 3335 3661 3262 6533 6162 3739 6536 ->  ea356a2be3ab79e6
0060: 557d 3132 420b 7c73 3763 3433 3833 3337 ->  U}12B.|s7c438337
0070: 3934 312e 660a 5e09 7d79 4400           ->  941.f.^.}yD.

Error in test 97: ft_printf("%p%d\nG%uz%sp$+b7%iS%XE9Udru|s\%s@+%d"!W>9eH3K>%cm@\KG%cG", (void *)-5351586297672103656, 47390915, -1107468241, "sDsl\r0bZ`\rIrEO}lMM:-q7O lB+h2Tm'WwB<8z6|e\"6JAgx:|*&66AX9N[~p:Zw[<E$yJ\n|71uD8u0n`:EO~iKe)sFYH1[]zN>j", -1894085107, 14712424, "\\UffY{c&/#]<`n lb#%", 1757056708, -1133077945, 1316912021): returned: 227, but expected: 219
Error in test 97: ft_printf("%p%d\nG%uz%sp$+b7%iS%XE9Udru|s\%s@+%d"!W>9eH3K>%cm@\KG%cG", (void *)-5351586297672103656, 47390915, -1107468241, "sDsl\r0bZ`\rIrEO}lMM:-q7O lB+h2Tm'WwB<8z6|e\"6JAgx:|*&66AX9N[~p:Zw[<E$yJ\n|71uD8u0n`:EO~iKe)sFYH1[]zN>j", -1894085107, 14712424, "\\UffY{c&/#]<`n lb#%", 1757056708, -1133077945, 1316912021): different memory
expected:
0000: 3078 6235 6262 3538 3964 6265 3638 3039 ->  0xb5bb589dbe6809
0010: 3138 3437 3339 3039 3135 0a47 3331 3837 ->  1847390915.G3187
0020: 3439 3930 3535 7a73 4473 6c0d 3062 5a60 ->  499055zsDsl.0bZ`
0030: 0d49 7245 4f7d 6c4d 4d3a 2d71 374f 206c ->  .IrEO}lMM:-q7O l
0040: 422b 6832 546d 2757 7742 3c38 7a36 7c65 ->  B+h2Tm'WwB<8z6|e
0050: 2236 4a41 6778 3a7c 2a26 3636 4158 394e ->  "6JAgx:|*&66AX9N
0060: 5b7e 703a 5a77 5b3c 4524 794a 0a7c 3731 ->  [~p:Zw[<E$yJ.|71
0070: 7544 3875 306e 603a 454f 7e69 4b65 2973 ->  uD8u0n`:EO~iKe)s
0080: 4659 4831 5b5d 7a4e 3e6a 7024 2b62 372d ->  FYH1[]zN>jp$+b7-
0090: 3138 3934 3038 3531 3037 5345 3037 4536 ->  1894085107SE07E6
00a0: 3845 3955 6472 757c 735c 5c55 6666 597b ->  8E9Udru|s\\UffY{
00b0: 6326 2f23 5d3c 606e 206c 6223 2540 2b31 ->  c&/#]<`n lb#%@+1
00c0: 3735 3730 3536 3730 3822 2157 3e39 6548 ->  757056708"!W>9eH
00d0: 334b 3e47 6d40 5c4b 4795 4700 1111 1111 ->  3K>Gm@\KG.G.....
yours:
0000: 3078 6235 6262 3538 3964 6265 3638 3039 ->  0xb5bb589dbe6809
0010: 3138 3437 3339 3039 3135 0a47 3331 3837 ->  1847390915.G3187
0020: 3439 3930 3535 7a73 4473 6c0d 3062 5a60 ->  499055zsDsl.0bZ`
0030: 0d49 7245 4f7d 6c4d 4d3a 2d71 374f 206c ->  .IrEO}lMM:-q7O l
0040: 422b 6832 546d 2757 7742 3c38 7a36 7c65 ->  B+h2Tm'WwB<8z6|e
0050: 2236 4a41 6778 3a7c 2a26 3636 4158 394e ->  "6JAgx:|*&66AX9N
0060: 5b7e 703a 5a77 5b3c 4524 794a 0a7c 3731 ->  [~p:Zw[<E$yJ.|71
0070: 7544 3875 306e 603a 454f 7e69 4b65 2973 ->  uD8u0n`:EO~iKe)s
0080: 4659 4831 5b5d 7a4e 3e6a 7024 2b62 372d ->  FYH1[]zN>jp$+b7-
0090: 3138 3934 3038 3531 3037 5342 3039 4141 ->  1894085107SB09AA
00a0: 3930 3045 3037 4536 3845 3955 6472 757c ->  900E07E68E9Udru|
00b0: 735c 5c55 6666 597b 6326 2f23 5d3c 606e ->  s\\UffY{c&/#]<`n
00c0: 206c 6223 2540 2b31 3735 3730 3536 3730 ->   lb#%@+175705670
00d0: 3822 2157 3e39 6548 334b 3e47 6d40 5c4b ->  8"!W>9eH3K>Gm@\K
00e0: 4795 4700                               ->  G.G.

Error in test 98: ft_printf("& k5%d(g!s%paR&Yo%cUeFk!\r%X8Mi{Z%Xs~}\vl.]%Xw4;", -911826116, (void *)-9064970862821337397, 29170894, -1499391560, 730253353, -451575066): returned: 93, but expected: 87
Error in test 98: ft_printf("& k5%d(g!s%paR&Yo%cUeFk!\r%X8Mi{Z%Xs~}\vl.]%Xw4;", -911826116, (void *)-9064970862821337397, 29170894, -1499391560, 730253353, -451575066): different memory
expected:
0000: 2620 6b35 2d39 3131 3832 3631 3136 2867 ->  & k5-911826116(g
0010: 2173 3078 3832 3332 6331 3037 3465 3434 ->  !s0x8232c1074e44
0020: 3936 6362 6152 2659 6fce 5565 466b 210d ->  96cbaR&Yo.UeFk!.
0030: 4136 4131 3139 4238 384d 697b 5a32 4238 ->  A6A119B88Mi{Z2B8
0040: 3643 3832 3973 7e7d 0b6c 2e5d 4535 3135 ->  6C829s~}.l.]E515
0050: 3832 4536 7734 3b00 1111 1111 1111      ->  82E6w4;.......
yours:
0000: 2620 6b35 2d39 3131 3832 3631 3136 2867 ->  & k5-911826116(g
0010: 2173 3078 3832 3332 6331 3037 3465 3434 ->  !s0x8232c1074e44
0020: 3936 6362 6152 2659 6fce 5565 466b 210d ->  96cbaR&Yo.UeFk!.
0030: 4136 4131 3139 4238 384d 697b 5a32 4238 ->  A6A119B88Mi{Z2B8
0040: 3643 3832 3973 7e7d 0b6c 2e5d 4230 3941 ->  6C829s~}.l.]B09A
0050: 4139 4535 3135 3832 4536 7734 3b00      ->  A9E51582E6w4;.

Error in test 99: ft_printf("ed,?'6%p}\n^^t (%d%uq%uR7'9%i)JPPeJ%XvZW%xOG"%dj"%c", (void *)-4042156500156083143, 1133261598, 806038585, -58286084, -914226671, -653581170, -1975126330, 315794671, -616796145): returned: 122, but expected: 115
Error in test 99: ft_printf("ed,?'6%p}\n^^t (%d%uq%uR7'9%i)JPPeJ%XvZW%xOG"%dj"%c", (void *)-4042156500156083143, 1133261598, 806038585, -58286084, -914226671, -653581170, -1975126330, 315794671, -616796145): different memory
expected:
0000: 6564 2c3f 2736 3078 6337 6537 3630 3134 ->  ed,?'60xc7e76014
0010: 3531 6139 3134 3339 7d0a 5e5e 7420 2831 ->  51a91439}.^^t (1
0020: 3133 3332 3631 3539 3838 3036 3033 3835 ->  1332615988060385
0030: 3835 7134 3233 3636 3831 3231 3252 3727 ->  85q4236681212R7'
0040: 392d 3931 3432 3236 3637 3129 4a50 5065 ->  9-914226671)JPPe
0050: 4a44 3930 4232 3438 4576 5a57 3861 3435 ->  JD90B248EvZW8a45
0060: 6636 6336 4f47 2233 3135 3739 3436 3731 ->  f6c6OG"315794671
0070: 6a22 0f00 1111 1111 1111 11             ->  j".........
yours:
0000: 6564 2c3f 2736 3078 6337 6537 3630 3134 ->  ed,?'60xc7e76014
0010: 3531 6139 3134 3339 7d0a 5e5e 7420 2831 ->  51a91439}.^^t (1
0020: 3133 3332 3631 3539 3838 3036 3033 3835 ->  1332615988060385
0030: 3835 7134 3233 3636 3831 3231 3252 3727 ->  85q4236681212R7'
0040: 392d 3931 3432 3236 3637 3129 4a50 5065 ->  9-914226671)JPPe
0050: 4a42 3039 4141 3944 3930 4232 3438 4576 ->  JB09AA9D90B248Ev
0060: 5a57 3138 6134 3566 3663 364f 4722 3331 ->  ZW18a45f6c6OG"31
0070: 3537 3934 3637 316a 220f 00             ->  5794671j"..



CC = cc
NAME = libftprintf.a
SRCS = ft_printf.c formatters.c put_utils.c
CFLAGS = -Wall -Wextra -Werror -g
DEPS = ft_printf.h
LIBFT_SRC = libft/ft_atoi.c libft/ft_bzero.c libft/ft_calloc.c libft/ft_isalnum.c libft/ft_isalpha.c libft/ft_isascii.c libft/ft_isdigit.c libft/ft_isprint.c libft/ft_itoa.c libft/ft_lstadd_back.c libft/ft_lstadd_front.c libft/ft_lstclear.c libft/ft_lstdelone.c libft/ft_lstiter.c libft/ft_lstlast.c libft/ft_lstmap.c libft/ft_lstnew.c libft/ft_lstsize.c libft/ft_memchr.c libft/ft_memcmp.c libft/ft_memcpy.c libft/ft_memmove.c libft/ft_memset.c libft/ft_putchar_fd.c libft/ft_putendl_fd.c libft/ft_putnbr_fd.c libft/ft_putstr_fd.c libft/ft_split.c libft/ft_strchr.c libft/ft_strdup.c libft/ft_striteri.c libft/ft_strjoin.c libft/ft_strlcat.c libft/ft_strlcpy.c libft/ft_strlen.c libft/ft_strmapi.c libft/ft_strncmp.c libft/ft_strnstr.c libft/ft_strrchr.c libft/ft_strtrim.c libft/ft_substr.c libft/ft_tolower.c libft/ft_toupper.c
LIBFT = libft/libft.a
OBJS = $(SRCS:.c=.o)
LIBFT_OBJ = $(LIBFT_SRC:.c=.o)
TESTFILES = main.c
# INC = -I includes/42libft
# LIB = ./includes/42libft/libft.a

%.o: %.c $(DEPS)
	$(CC) $(CFLAGS) -c $< -o $@

$(NAME): $(OBJS)
	make -C libft
	cp $(LIBFT) $@
	ar -rcs $(NAME) $(OBJS)
all: $(NAME)
# $(OBJS): %.o:%.c
# 	$(CC) $(CFLAGS) $(INC) -c $< -o $@

# ./includes/42libft:
# 	make -C $(INC)
clean:
	rm -f $(OBJS)
	# make clean -C $(INC)
fclean: clean
	rm -f $(NAME)
	make fclean -C libft

tclean: clean
	rm -f $(TESTFILES:.c=.o)
	rm -f ./a.out

test: all
	$(CC) $(CFLAGS) $(NAME) $(TESTFILES) -fsanitize=address && ./a.out

re: fclean all
.PHONY: all clean fclean re

# -include $(DEPS)